[2026-02-04 05:41:20,941: INFO: data_ingestion]: >>>>>>>>>>>>>>>>>>>>>>>>>>>>>>>>>>>>>>>> Data Ingestion <<<<<<<<<<<<<<<<<<<<<<<<<<<<<<<<<<<<<<<<
[2026-02-04 05:41:20,941: INFO: main]: Initializing data ingestion
[2026-02-04 05:41:20,941: INFO: data_ingestion]: Initiating data ingestion
[2026-02-04 05:41:20,942: INFO: data_ingestion]: Exporting collection data as dataframe
[2026-02-04 05:41:21,265: INFO: data_ingestion]: Connected to Mongodb successfully to export data
[2026-02-04 05:41:23,827: INFO: data_ingestion]: Dataframe shape: (11055, 32)
[2026-02-04 05:41:23,828: INFO: data_ingestion]: Dropping column: _id
[2026-02-04 05:41:23,836: INFO: data_ingestion]: Creating feature store folder if not available: Artifacts/02_04_2026_05_41_18/data_ingestion/feature_store
[2026-02-04 05:41:23,836: INFO: data_ingestion]: Saving data to feature store folder: Artifacts/02_04_2026_05_41_18/data_ingestion/feature_store/phishingData.csv
[2026-02-04 05:41:23,947: INFO: data_ingestion]: Splitting data into train and test set with test size: 0.2
[2026-02-04 05:41:23,952: INFO: data_ingestion]: Creating ingested folder if not available: Artifacts/02_04_2026_05_41_18/data_ingestion/ingested_data
[2026-02-04 05:41:23,952: INFO: data_ingestion]: Saving training data to file: Artifacts/02_04_2026_05_41_18/data_ingestion/ingested_data/train.csv
[2026-02-04 05:41:24,044: INFO: data_ingestion]: Saving testing data to file: Artifacts/02_04_2026_05_41_18/data_ingestion/ingested_data/test.csv
[2026-02-04 05:41:24,067: INFO: data_ingestion]: Data ingestion completed successfully
[2026-02-04 05:41:24,067: INFO: data_ingestion]: Data Ingestion Artifact: DataIngestionArtifact(train_file_path='Artifacts/02_04_2026_05_41_18/data_ingestion/ingested_data/train.csv', test_file_path='Artifacts/02_04_2026_05_41_18/data_ingestion/ingested_data/test.csv')
[2026-02-04 05:41:24,067: INFO: main]: Completed data ingestion
[2026-02-04 05:41:24,085: INFO: main]: Initializing data validation
[2026-02-04 05:41:24,115: INFO: data_validation]: Required number of columns:2
[2026-02-04 05:41:24,115: INFO: data_validation]: Data frame has columns:31
[2026-02-04 05:41:24,115: INFO: data_validation]: Required number of columns:2
[2026-02-04 05:41:24,115: INFO: data_validation]: Data frame has columns:31
[2026-02-04 05:41:24,384: INFO: main]: Completed data validation
[2026-02-04 05:41:24,385: INFO: main]: Error occurred in main.py: name 'trainingpipelineconfig' is not defined
