[2026-02-07 21:38:27,057: INFO: _client]: HTTP Request: GET https://dagshub.com/api/v1/user "HTTP/1.1 200 OK"
[2026-02-07 21:38:27,061: INFO: helpers]: Accessing as Oday-Najad
[2026-02-07 21:38:27,877: INFO: _client]: HTTP Request: GET https://dagshub.com/api/v1/repos/Oday-Najad/MLOps-Data-Science-Network-Security-with-AWS "HTTP/1.1 200 OK"
[2026-02-07 21:38:28,695: INFO: _client]: HTTP Request: GET https://dagshub.com/api/v1/user "HTTP/1.1 200 OK"
[2026-02-07 21:38:28,696: INFO: helpers]: Initialized MLflow to track repo "Oday-Najad/MLOps-Data-Science-Network-Security-with-AWS"
[2026-02-07 21:38:28,697: INFO: helpers]: Repository Oday-Najad/MLOps-Data-Science-Network-Security-with-AWS initialized!
[2026-02-07 21:38:28,697: INFO: data_ingestion]: >>>>>>>>>>>>>>>>>>>>>>>>>>>>>>>>>>>>>>>> Data Ingestion <<<<<<<<<<<<<<<<<<<<<<<<<<<<<<<<<<<<<<<<
[2026-02-07 21:38:28,697: INFO: main]: Initializing data ingestion
[2026-02-07 21:38:28,697: INFO: data_ingestion]: Initiating data ingestion
[2026-02-07 21:38:28,697: INFO: data_ingestion]: Exporting collection data as dataframe
[2026-02-07 21:38:28,931: INFO: data_ingestion]: Connected to Mongodb successfully to export data
[2026-02-07 21:38:45,926: INFO: data_ingestion]: Dataframe shape: (11055, 32)
[2026-02-07 21:38:45,927: INFO: data_ingestion]: Dropping column: _id
[2026-02-07 21:38:45,931: INFO: data_ingestion]: Creating feature store folder if not available: Artifacts/02_07_2026_21_38_24/data_ingestion/feature_store
[2026-02-07 21:38:45,931: INFO: data_ingestion]: Saving data to feature store folder: Artifacts/02_07_2026_21_38_24/data_ingestion/feature_store/phishingData.csv
[2026-02-07 21:38:45,982: INFO: data_ingestion]: Splitting data into train and test set with test size: 0.2
[2026-02-07 21:38:45,984: INFO: data_ingestion]: Creating ingested folder if not available: Artifacts/02_07_2026_21_38_24/data_ingestion/ingested_data
[2026-02-07 21:38:45,984: INFO: data_ingestion]: Saving training data to file: Artifacts/02_07_2026_21_38_24/data_ingestion/ingested_data/train.csv
[2026-02-07 21:38:46,025: INFO: data_ingestion]: Saving testing data to file: Artifacts/02_07_2026_21_38_24/data_ingestion/ingested_data/test.csv
[2026-02-07 21:38:46,035: INFO: data_ingestion]: Data ingestion completed successfully
[2026-02-07 21:38:46,035: INFO: data_ingestion]: Data Ingestion Artifact: DataIngestionArtifact(train_file_path='Artifacts/02_07_2026_21_38_24/data_ingestion/ingested_data/train.csv', test_file_path='Artifacts/02_07_2026_21_38_24/data_ingestion/ingested_data/test.csv')
[2026-02-07 21:38:46,035: INFO: main]: Completed data ingestion
[2026-02-07 21:38:46,043: INFO: main]: Initializing data validation
[2026-02-07 21:38:46,057: INFO: data_validation]: Required number of columns:2
[2026-02-07 21:38:46,057: INFO: data_validation]: Data frame has columns:31
[2026-02-07 21:38:46,057: INFO: data_validation]: Required number of columns:2
[2026-02-07 21:38:46,057: INFO: data_validation]: Data frame has columns:31
[2026-02-07 21:38:46,198: INFO: main]: Completed data validation
[2026-02-07 21:38:46,198: INFO: main]: data Transformation started
[2026-02-07 21:38:46,199: INFO: data_transformation]: Entered initiate_data_transformation method of DataTransformation class
[2026-02-07 21:38:46,199: INFO: data_transformation]: Starting data transformation
[2026-02-07 21:38:46,213: INFO: data_transformation]: Entered get_data_trnasformer_object method of Trnasformation class
[2026-02-07 21:38:46,213: INFO: data_transformation]: Initialise KNNImputer with {'missing_values': nan, 'n_neighbors': 3, 'weights': 'uniform'}
[2026-02-07 21:38:46,221: INFO: utils]: Entered the save_object method of MainUtils class
[2026-02-07 21:38:46,225: INFO: utils]: Exited the save_object method of MainUtils class
[2026-02-07 21:38:46,225: INFO: utils]: Entered the save_object method of MainUtils class
[2026-02-07 21:38:46,237: INFO: utils]: Exited the save_object method of MainUtils class
[2026-02-07 21:38:46,237: INFO: main]: data Transformation completed
[2026-02-07 21:38:46,237: INFO: main]: Model Training stared
[2026-02-07 21:41:26,569: INFO: utils]: Entered the save_object method of MainUtils class
[2026-02-07 21:41:26,569: INFO: utils]: Exited the save_object method of MainUtils class
[2026-02-07 21:41:26,569: INFO: utils]: Entered the save_object method of MainUtils class
[2026-02-07 21:41:26,599: INFO: utils]: Exited the save_object method of MainUtils class
[2026-02-07 21:41:26,600: INFO: model_trainer]: Model trainer artifact: ModelTrainerArtifact(trained_model_file_path='Artifacts/02_07_2026_21_38_24/model_trainer/trained_model/model.pkl', train_metric_artifact=ClassificationMetricArtifact(f1_score=0.9918123926008289, precision_score=0.9911111111111112, recall_score=0.9925146672061501), test_metric_artifact=ClassificationMetricArtifact(f1_score=0.9736408566721582, precision_score=0.9736408566721582, recall_score=0.9736408566721582))
[2026-02-07 21:41:26,600: INFO: main]: Model Training artifact created
