[2026-02-07 20:32:06,988: INFO: _client]: HTTP Request: GET https://dagshub.com/api/v1/user "HTTP/1.1 200 OK"
[2026-02-07 20:32:06,991: INFO: helpers]: Accessing as Oday-Najad
[2026-02-07 20:32:07,681: INFO: _client]: HTTP Request: GET https://dagshub.com/api/v1/repos/Oday-Najad/network-security "HTTP/1.1 200 OK"
[2026-02-07 20:32:08,294: INFO: _client]: HTTP Request: GET https://dagshub.com/api/v1/user "HTTP/1.1 200 OK"
[2026-02-07 20:32:08,295: INFO: helpers]: Initialized MLflow to track repo "Oday-Najad/network-security"
[2026-02-07 20:32:08,296: INFO: helpers]: Repository Oday-Najad/network-security initialized!
[2026-02-07 20:32:08,296: INFO: data_ingestion]: >>>>>>>>>>>>>>>>>>>>>>>>>>>>>>>>>>>>>>>> Data Ingestion <<<<<<<<<<<<<<<<<<<<<<<<<<<<<<<<<<<<<<<<
[2026-02-07 20:32:08,296: INFO: main]: Initializing data ingestion
[2026-02-07 20:32:08,296: INFO: data_ingestion]: Initiating data ingestion
[2026-02-07 20:32:08,296: INFO: data_ingestion]: Exporting collection data as dataframe
[2026-02-07 20:32:08,488: INFO: data_ingestion]: Connected to Mongodb successfully to export data
[2026-02-07 20:32:51,825: INFO: data_ingestion]: Dataframe shape: (11055, 32)
[2026-02-07 20:32:51,826: INFO: data_ingestion]: Dropping column: _id
[2026-02-07 20:32:51,830: INFO: data_ingestion]: Creating feature store folder if not available: Artifacts/02_07_2026_20_32_04/data_ingestion/feature_store
[2026-02-07 20:32:51,830: INFO: data_ingestion]: Saving data to feature store folder: Artifacts/02_07_2026_20_32_04/data_ingestion/feature_store/phishingData.csv
[2026-02-07 20:32:51,883: INFO: data_ingestion]: Splitting data into train and test set with test size: 0.2
[2026-02-07 20:32:51,885: INFO: data_ingestion]: Creating ingested folder if not available: Artifacts/02_07_2026_20_32_04/data_ingestion/ingested_data
[2026-02-07 20:32:51,885: INFO: data_ingestion]: Saving training data to file: Artifacts/02_07_2026_20_32_04/data_ingestion/ingested_data/train.csv
[2026-02-07 20:32:51,926: INFO: data_ingestion]: Saving testing data to file: Artifacts/02_07_2026_20_32_04/data_ingestion/ingested_data/test.csv
[2026-02-07 20:32:51,936: INFO: data_ingestion]: Data ingestion completed successfully
[2026-02-07 20:32:51,937: INFO: data_ingestion]: Data Ingestion Artifact: DataIngestionArtifact(train_file_path='Artifacts/02_07_2026_20_32_04/data_ingestion/ingested_data/train.csv', test_file_path='Artifacts/02_07_2026_20_32_04/data_ingestion/ingested_data/test.csv')
[2026-02-07 20:32:51,937: INFO: main]: Completed data ingestion
[2026-02-07 20:32:51,946: INFO: main]: Initializing data validation
[2026-02-07 20:32:51,961: INFO: data_validation]: Required number of columns:2
[2026-02-07 20:32:51,961: INFO: data_validation]: Data frame has columns:31
[2026-02-07 20:32:51,961: INFO: data_validation]: Required number of columns:2
[2026-02-07 20:32:51,961: INFO: data_validation]: Data frame has columns:31
[2026-02-07 20:32:52,105: INFO: main]: Completed data validation
[2026-02-07 20:32:52,106: INFO: main]: data Transformation started
[2026-02-07 20:32:52,106: INFO: data_transformation]: Entered initiate_data_transformation method of DataTransformation class
[2026-02-07 20:32:52,106: INFO: data_transformation]: Starting data transformation
[2026-02-07 20:32:52,121: INFO: data_transformation]: Entered get_data_trnasformer_object method of Trnasformation class
[2026-02-07 20:32:52,121: INFO: data_transformation]: Initialise KNNImputer with {'missing_values': nan, 'n_neighbors': 3, 'weights': 'uniform'}
[2026-02-07 20:32:52,129: INFO: utils]: Entered the save_object method of MainUtils class
[2026-02-07 20:32:52,132: INFO: utils]: Exited the save_object method of MainUtils class
[2026-02-07 20:32:52,132: INFO: utils]: Entered the save_object method of MainUtils class
[2026-02-07 20:32:52,135: INFO: utils]: Exited the save_object method of MainUtils class
[2026-02-07 20:32:52,136: INFO: main]: data Transformation completed
[2026-02-07 20:32:52,136: INFO: main]: Model Training stared
[2026-02-07 20:34:54,941: INFO: _client]: HTTP Request: GET https://dagshub.com/api/v1/repos/Oday-Najad/network-security "HTTP/1.1 200 OK"
[2026-02-07 20:34:54,943: INFO: helpers]: Initialized MLflow to track repo "Oday-Najad/network-security"
[2026-02-07 20:34:54,943: INFO: helpers]: Repository Oday-Najad/network-security initialized!
[2026-02-07 20:35:48,645: INFO: main]: Error occurred in main.py: Error occurred in script: /home/oday-najad/Desktop/MLOps projects/Project - Network Security/networksecurity/components/model_trainer.py at line number: 180 with message: bad argument type for built-in operation
