[2026-02-04 06:11:02,833: INFO: data_ingestion]: >>>>>>>>>>>>>>>>>>>>>>>>>>>>>>>>>>>>>>>> Data Ingestion <<<<<<<<<<<<<<<<<<<<<<<<<<<<<<<<<<<<<<<<
[2026-02-04 06:11:02,834: INFO: main]: Initializing data ingestion
[2026-02-04 06:11:02,834: INFO: data_ingestion]: Initiating data ingestion
[2026-02-04 06:11:02,834: INFO: data_ingestion]: Exporting collection data as dataframe
[2026-02-04 06:11:03,136: INFO: data_ingestion]: Connected to Mongodb successfully to export data
[2026-02-04 06:11:05,002: INFO: data_ingestion]: Dataframe shape: (11055, 32)
[2026-02-04 06:11:05,003: INFO: data_ingestion]: Dropping column: _id
[2026-02-04 06:11:05,011: INFO: data_ingestion]: Creating feature store folder if not available: Artifacts/02_04_2026_06_11_00/data_ingestion/feature_store
[2026-02-04 06:11:05,011: INFO: data_ingestion]: Saving data to feature store folder: Artifacts/02_04_2026_06_11_00/data_ingestion/feature_store/phishingData.csv
[2026-02-04 06:11:05,127: INFO: data_ingestion]: Splitting data into train and test set with test size: 0.2
[2026-02-04 06:11:05,131: INFO: data_ingestion]: Creating ingested folder if not available: Artifacts/02_04_2026_06_11_00/data_ingestion/ingested_data
[2026-02-04 06:11:05,132: INFO: data_ingestion]: Saving training data to file: Artifacts/02_04_2026_06_11_00/data_ingestion/ingested_data/train.csv
[2026-02-04 06:11:05,224: INFO: data_ingestion]: Saving testing data to file: Artifacts/02_04_2026_06_11_00/data_ingestion/ingested_data/test.csv
[2026-02-04 06:11:05,247: INFO: data_ingestion]: Data ingestion completed successfully
[2026-02-04 06:11:05,247: INFO: data_ingestion]: Data Ingestion Artifact: DataIngestionArtifact(train_file_path='Artifacts/02_04_2026_06_11_00/data_ingestion/ingested_data/train.csv', test_file_path='Artifacts/02_04_2026_06_11_00/data_ingestion/ingested_data/test.csv')
[2026-02-04 06:11:05,248: INFO: main]: Completed data ingestion
[2026-02-04 06:11:05,264: INFO: main]: Initializing data validation
[2026-02-04 06:11:05,292: INFO: data_validation]: Required number of columns:2
[2026-02-04 06:11:05,292: INFO: data_validation]: Data frame has columns:31
[2026-02-04 06:11:05,293: INFO: data_validation]: Required number of columns:2
[2026-02-04 06:11:05,293: INFO: data_validation]: Data frame has columns:31
[2026-02-04 06:11:05,567: INFO: main]: Completed data validation
[2026-02-04 06:11:05,567: INFO: main]: data Transformation started
[2026-02-04 06:11:05,567: INFO: data_transformation]: Entered initiate_data_transformation method of DataTransformation class
[2026-02-04 06:11:05,567: INFO: data_transformation]: Starting data transformation
[2026-02-04 06:11:05,600: INFO: data_transformation]: Entered get_data_trnasformer_object method of Trnasformation class
[2026-02-04 06:11:05,600: INFO: data_transformation]: Initialise KNNImputer with {'missing_values': nan, 'n_neighbors': 3, 'weights': 'uniform'}
[2026-02-04 06:11:05,617: INFO: utils]: Entered the save_object method of MainUtils class
[2026-02-04 06:11:05,624: INFO: utils]: Exited the save_object method of MainUtils class
[2026-02-04 06:11:05,625: INFO: utils]: Entered the save_object method of MainUtils class
[2026-02-04 06:11:05,634: INFO: utils]: Exited the save_object method of MainUtils class
[2026-02-04 06:11:05,634: INFO: main]: data Transformation completed
[2026-02-04 06:11:05,634: INFO: main]: Model Training stared
[2026-02-04 06:13:28,560: INFO: utils]: Entered the save_object method of MainUtils class
[2026-02-04 06:13:28,561: INFO: utils]: Exited the save_object method of MainUtils class
[2026-02-04 06:13:28,561: INFO: utils]: Entered the save_object method of MainUtils class
[2026-02-04 06:13:28,604: INFO: utils]: Exited the save_object method of MainUtils class
[2026-02-04 06:13:28,604: INFO: model_trainer]: Model trainer artifact: ModelTrainerArtifact(trained_model_file_path='Artifacts/02_04_2026_06_11_00/model_trainer/trained_model/model.pkl', train_metric_artifact=ClassificationMetricArtifact(f1_score=0.9915487221260564, precision_score=0.9898353323846311, recall_score=0.9932680538555692), test_metric_artifact=ClassificationMetricArtifact(f1_score=0.9707278481012658, precision_score=0.9638648860958366, recall_score=0.9776892430278884))
[2026-02-04 06:13:28,605: INFO: main]: Model Training artifact created
