[2026-02-04 05:45:30,562: INFO: data_ingestion]: >>>>>>>>>>>>>>>>>>>>>>>>>>>>>>>>>>>>>>>> Data Ingestion <<<<<<<<<<<<<<<<<<<<<<<<<<<<<<<<<<<<<<<<
[2026-02-04 05:45:30,563: INFO: main]: Initializing data ingestion
[2026-02-04 05:45:30,563: INFO: data_ingestion]: Initiating data ingestion
[2026-02-04 05:45:30,563: INFO: data_ingestion]: Exporting collection data as dataframe
[2026-02-04 05:45:30,669: INFO: data_ingestion]: Connected to Mongodb successfully to export data
[2026-02-04 05:45:32,056: INFO: data_ingestion]: Dataframe shape: (11055, 32)
[2026-02-04 05:45:32,057: INFO: data_ingestion]: Dropping column: _id
[2026-02-04 05:45:32,064: INFO: data_ingestion]: Creating feature store folder if not available: Artifacts/02_04_2026_05_45_28/data_ingestion/feature_store
[2026-02-04 05:45:32,065: INFO: data_ingestion]: Saving data to feature store folder: Artifacts/02_04_2026_05_45_28/data_ingestion/feature_store/phishingData.csv
[2026-02-04 05:45:32,171: INFO: data_ingestion]: Splitting data into train and test set with test size: 0.2
[2026-02-04 05:45:32,175: INFO: data_ingestion]: Creating ingested folder if not available: Artifacts/02_04_2026_05_45_28/data_ingestion/ingested_data
[2026-02-04 05:45:32,176: INFO: data_ingestion]: Saving training data to file: Artifacts/02_04_2026_05_45_28/data_ingestion/ingested_data/train.csv
[2026-02-04 05:45:32,261: INFO: data_ingestion]: Saving testing data to file: Artifacts/02_04_2026_05_45_28/data_ingestion/ingested_data/test.csv
[2026-02-04 05:45:32,283: INFO: data_ingestion]: Data ingestion completed successfully
[2026-02-04 05:45:32,283: INFO: data_ingestion]: Data Ingestion Artifact: DataIngestionArtifact(train_file_path='Artifacts/02_04_2026_05_45_28/data_ingestion/ingested_data/train.csv', test_file_path='Artifacts/02_04_2026_05_45_28/data_ingestion/ingested_data/test.csv')
[2026-02-04 05:45:32,283: INFO: main]: Completed data ingestion
[2026-02-04 05:45:32,299: INFO: main]: Initializing data validation
[2026-02-04 05:45:32,327: INFO: data_validation]: Required number of columns:2
[2026-02-04 05:45:32,328: INFO: data_validation]: Data frame has columns:31
[2026-02-04 05:45:32,328: INFO: data_validation]: Required number of columns:2
[2026-02-04 05:45:32,328: INFO: data_validation]: Data frame has columns:31
[2026-02-04 05:45:32,591: INFO: main]: Completed data validation
[2026-02-04 05:45:32,592: INFO: main]: data Transformation started
[2026-02-04 05:45:32,592: INFO: data_transformation]: Entered initiate_data_transformation method of DataTransformation class
[2026-02-04 05:45:32,592: INFO: data_transformation]: Starting data transformation
[2026-02-04 05:45:32,621: INFO: data_transformation]: Entered get_data_trnasformer_object method of Trnasformation class
[2026-02-04 05:45:32,621: INFO: data_transformation]: Initialise KNNImputer with {'missing_values': nan, 'n_neighbors': 3, 'weights': 'uniform'}
[2026-02-04 05:45:32,636: INFO: utils]: Entered the save_object method of MainUtils class
[2026-02-04 05:45:32,642: INFO: utils]: Exited the save_object method of MainUtils class
[2026-02-04 05:45:32,642: INFO: utils]: Entered the save_object method of MainUtils class
[2026-02-04 05:45:32,647: INFO: utils]: Exited the save_object method of MainUtils class
[2026-02-04 05:45:32,648: INFO: main]: data Transformation completed
