[2026-02-07 20:57:18,958: INFO: _client]: HTTP Request: GET https://dagshub.com/api/v1/user "HTTP/1.1 200 OK"
[2026-02-07 20:57:18,962: INFO: helpers]: Accessing as Oday-Najad
[2026-02-07 20:57:20,288: INFO: _client]: HTTP Request: GET https://dagshub.com/api/v1/repos/Oday-Najad/network-security "HTTP/1.1 200 OK"
[2026-02-07 20:57:21,209: INFO: _client]: HTTP Request: GET https://dagshub.com/api/v1/user "HTTP/1.1 200 OK"
[2026-02-07 20:57:21,210: INFO: helpers]: Initialized MLflow to track repo "Oday-Najad/network-security"
[2026-02-07 20:57:21,211: INFO: helpers]: Repository Oday-Najad/network-security initialized!
[2026-02-07 20:57:21,211: INFO: data_ingestion]: >>>>>>>>>>>>>>>>>>>>>>>>>>>>>>>>>>>>>>>> Data Ingestion <<<<<<<<<<<<<<<<<<<<<<<<<<<<<<<<<<<<<<<<
[2026-02-07 20:57:21,211: INFO: main]: Initializing data ingestion
[2026-02-07 20:57:21,211: INFO: data_ingestion]: Initiating data ingestion
[2026-02-07 20:57:21,211: INFO: data_ingestion]: Exporting collection data as dataframe
[2026-02-07 20:57:21,442: INFO: data_ingestion]: Connected to Mongodb successfully to export data
[2026-02-07 20:57:33,692: INFO: data_ingestion]: Dataframe shape: (11055, 32)
[2026-02-07 20:57:33,692: INFO: data_ingestion]: Dropping column: _id
[2026-02-07 20:57:33,696: INFO: data_ingestion]: Creating feature store folder if not available: Artifacts/02_07_2026_20_57_16/data_ingestion/feature_store
[2026-02-07 20:57:33,697: INFO: data_ingestion]: Saving data to feature store folder: Artifacts/02_07_2026_20_57_16/data_ingestion/feature_store/phishingData.csv
[2026-02-07 20:57:33,747: INFO: data_ingestion]: Splitting data into train and test set with test size: 0.2
[2026-02-07 20:57:33,750: INFO: data_ingestion]: Creating ingested folder if not available: Artifacts/02_07_2026_20_57_16/data_ingestion/ingested_data
[2026-02-07 20:57:33,750: INFO: data_ingestion]: Saving training data to file: Artifacts/02_07_2026_20_57_16/data_ingestion/ingested_data/train.csv
[2026-02-07 20:57:33,790: INFO: data_ingestion]: Saving testing data to file: Artifacts/02_07_2026_20_57_16/data_ingestion/ingested_data/test.csv
[2026-02-07 20:57:33,800: INFO: data_ingestion]: Data ingestion completed successfully
[2026-02-07 20:57:33,800: INFO: data_ingestion]: Data Ingestion Artifact: DataIngestionArtifact(train_file_path='Artifacts/02_07_2026_20_57_16/data_ingestion/ingested_data/train.csv', test_file_path='Artifacts/02_07_2026_20_57_16/data_ingestion/ingested_data/test.csv')
[2026-02-07 20:57:33,800: INFO: main]: Completed data ingestion
[2026-02-07 20:57:33,808: INFO: main]: Initializing data validation
[2026-02-07 20:57:33,823: INFO: data_validation]: Required number of columns:2
[2026-02-07 20:57:33,823: INFO: data_validation]: Data frame has columns:31
[2026-02-07 20:57:33,823: INFO: data_validation]: Required number of columns:2
[2026-02-07 20:57:33,823: INFO: data_validation]: Data frame has columns:31
[2026-02-07 20:57:33,972: INFO: main]: Completed data validation
[2026-02-07 20:57:33,972: INFO: main]: data Transformation started
[2026-02-07 20:57:33,972: INFO: data_transformation]: Entered initiate_data_transformation method of DataTransformation class
[2026-02-07 20:57:33,972: INFO: data_transformation]: Starting data transformation
[2026-02-07 20:57:33,988: INFO: data_transformation]: Entered get_data_trnasformer_object method of Trnasformation class
[2026-02-07 20:57:33,988: INFO: data_transformation]: Initialise KNNImputer with {'missing_values': nan, 'n_neighbors': 3, 'weights': 'uniform'}
[2026-02-07 20:57:33,998: INFO: utils]: Entered the save_object method of MainUtils class
[2026-02-07 20:57:34,002: INFO: utils]: Exited the save_object method of MainUtils class
[2026-02-07 20:57:34,002: INFO: utils]: Entered the save_object method of MainUtils class
[2026-02-07 20:57:34,006: INFO: utils]: Exited the save_object method of MainUtils class
[2026-02-07 20:57:34,006: INFO: main]: data Transformation completed
[2026-02-07 20:57:34,006: INFO: main]: Model Training stared
[2026-02-07 20:59:35,561: INFO: _client]: HTTP Request: GET https://dagshub.com/api/v1/repos/Oday-Najad/network-security "HTTP/1.1 200 OK"
[2026-02-07 20:59:35,563: INFO: helpers]: Initialized MLflow to track repo "Oday-Najad/network-security"
[2026-02-07 20:59:35,563: INFO: helpers]: Repository Oday-Najad/network-security initialized!
[2026-02-07 20:59:53,583: INFO: _client]: HTTP Request: GET https://dagshub.com/api/v1/repos/Oday-Najad/network-security "HTTP/1.1 200 OK"
[2026-02-07 20:59:53,584: INFO: helpers]: Initialized MLflow to track repo "Oday-Najad/network-security"
[2026-02-07 20:59:53,585: INFO: helpers]: Repository Oday-Najad/network-security initialized!
[2026-02-07 21:00:18,496: INFO: utils]: Entered the save_object method of MainUtils class
[2026-02-07 21:00:18,496: INFO: utils]: Exited the save_object method of MainUtils class
[2026-02-07 21:00:18,496: INFO: utils]: Entered the save_object method of MainUtils class
[2026-02-07 21:00:18,500: INFO: utils]: Exited the save_object method of MainUtils class
[2026-02-07 21:00:18,500: INFO: model_trainer]: Model trainer artifact: ModelTrainerArtifact(trained_model_file_path='Artifacts/02_07_2026_20_57_16/model_trainer/trained_model/model.pkl', train_metric_artifact=ClassificationMetricArtifact(f1_score=0.9914115388501566, precision_score=0.9903108599111828, recall_score=0.9925146672061501), test_metric_artifact=ClassificationMetricArtifact(f1_score=0.9727497935590421, precision_score=0.9751655629139073, recall_score=0.9703459637561779))
[2026-02-07 21:00:18,500: INFO: main]: Model Training artifact created
