[2026-02-07 21:32:01,409: INFO: _client]: HTTP Request: GET https://dagshub.com/api/v1/user "HTTP/1.1 200 OK"
[2026-02-07 21:32:01,413: INFO: helpers]: Accessing as Oday-Najad
[2026-02-07 21:32:02,430: INFO: _client]: HTTP Request: GET https://dagshub.com/api/v1/repos/Oday-Najad/MLOps-Data-Science-Network-Security-with-AWS "HTTP/1.1 200 OK"
[2026-02-07 21:32:05,567: INFO: _client]: HTTP Request: GET https://dagshub.com/api/v1/user "HTTP/1.1 200 OK"
[2026-02-07 21:32:05,568: INFO: helpers]: Initialized MLflow to track repo "Oday-Najad/MLOps-Data-Science-Network-Security-with-AWS"
[2026-02-07 21:32:05,568: INFO: helpers]: Repository Oday-Najad/MLOps-Data-Science-Network-Security-with-AWS initialized!
[2026-02-07 21:32:05,568: INFO: data_ingestion]: >>>>>>>>>>>>>>>>>>>>>>>>>>>>>>>>>>>>>>>> Data Ingestion <<<<<<<<<<<<<<<<<<<<<<<<<<<<<<<<<<<<<<<<
[2026-02-07 21:32:05,569: INFO: main]: Initializing data ingestion
[2026-02-07 21:32:05,569: INFO: data_ingestion]: Initiating data ingestion
[2026-02-07 21:32:05,569: INFO: data_ingestion]: Exporting collection data as dataframe
[2026-02-07 21:32:05,710: INFO: data_ingestion]: Connected to Mongodb successfully to export data
[2026-02-07 21:32:20,258: INFO: data_ingestion]: Dataframe shape: (11055, 32)
[2026-02-07 21:32:20,258: INFO: data_ingestion]: Dropping column: _id
[2026-02-07 21:32:20,261: INFO: data_ingestion]: Creating feature store folder if not available: Artifacts/02_07_2026_21_31_59/data_ingestion/feature_store
[2026-02-07 21:32:20,262: INFO: data_ingestion]: Saving data to feature store folder: Artifacts/02_07_2026_21_31_59/data_ingestion/feature_store/phishingData.csv
[2026-02-07 21:32:20,296: INFO: data_ingestion]: Splitting data into train and test set with test size: 0.2
[2026-02-07 21:32:20,298: INFO: data_ingestion]: Creating ingested folder if not available: Artifacts/02_07_2026_21_31_59/data_ingestion/ingested_data
[2026-02-07 21:32:20,298: INFO: data_ingestion]: Saving training data to file: Artifacts/02_07_2026_21_31_59/data_ingestion/ingested_data/train.csv
[2026-02-07 21:32:20,325: INFO: data_ingestion]: Saving testing data to file: Artifacts/02_07_2026_21_31_59/data_ingestion/ingested_data/test.csv
[2026-02-07 21:32:20,332: INFO: data_ingestion]: Data ingestion completed successfully
[2026-02-07 21:32:20,332: INFO: data_ingestion]: Data Ingestion Artifact: DataIngestionArtifact(train_file_path='Artifacts/02_07_2026_21_31_59/data_ingestion/ingested_data/train.csv', test_file_path='Artifacts/02_07_2026_21_31_59/data_ingestion/ingested_data/test.csv')
[2026-02-07 21:32:20,332: INFO: main]: Completed data ingestion
[2026-02-07 21:32:20,338: INFO: main]: Initializing data validation
[2026-02-07 21:32:20,350: INFO: data_validation]: Required number of columns:2
[2026-02-07 21:32:20,350: INFO: data_validation]: Data frame has columns:31
[2026-02-07 21:32:20,350: INFO: data_validation]: Required number of columns:2
[2026-02-07 21:32:20,350: INFO: data_validation]: Data frame has columns:31
[2026-02-07 21:32:20,445: INFO: main]: Completed data validation
[2026-02-07 21:32:20,445: INFO: main]: data Transformation started
[2026-02-07 21:32:20,445: INFO: data_transformation]: Entered initiate_data_transformation method of DataTransformation class
[2026-02-07 21:32:20,445: INFO: data_transformation]: Starting data transformation
[2026-02-07 21:32:20,455: INFO: data_transformation]: Entered get_data_trnasformer_object method of Trnasformation class
[2026-02-07 21:32:20,456: INFO: data_transformation]: Initialise KNNImputer with {'missing_values': nan, 'n_neighbors': 3, 'weights': 'uniform'}
[2026-02-07 21:32:20,462: INFO: utils]: Entered the save_object method of MainUtils class
[2026-02-07 21:32:20,465: INFO: utils]: Exited the save_object method of MainUtils class
[2026-02-07 21:32:20,465: INFO: utils]: Entered the save_object method of MainUtils class
[2026-02-07 21:32:20,469: INFO: utils]: Exited the save_object method of MainUtils class
[2026-02-07 21:32:20,469: INFO: main]: data Transformation completed
[2026-02-07 21:32:20,469: INFO: main]: Model Training stared
[2026-02-07 21:34:28,563: INFO: _client]: HTTP Request: GET https://dagshub.com/api/v1/repos/Oday-Najad/network-security "HTTP/1.1 200 OK"
[2026-02-07 21:34:28,564: INFO: helpers]: Initialized MLflow to track repo "Oday-Najad/network-security"
[2026-02-07 21:34:28,565: INFO: helpers]: Repository Oday-Najad/network-security initialized!
[2026-02-07 21:34:45,562: INFO: _client]: HTTP Request: GET https://dagshub.com/api/v1/repos/Oday-Najad/network-security "HTTP/1.1 200 OK"
[2026-02-07 21:34:45,564: INFO: helpers]: Initialized MLflow to track repo "Oday-Najad/network-security"
[2026-02-07 21:34:45,564: INFO: helpers]: Repository Oday-Najad/network-security initialized!
[2026-02-07 21:35:10,548: INFO: utils]: Entered the save_object method of MainUtils class
[2026-02-07 21:35:10,548: INFO: utils]: Exited the save_object method of MainUtils class
[2026-02-07 21:35:10,548: INFO: utils]: Entered the save_object method of MainUtils class
[2026-02-07 21:35:10,574: INFO: utils]: Exited the save_object method of MainUtils class
[2026-02-07 21:35:10,574: INFO: model_trainer]: Model trainer artifact: ModelTrainerArtifact(trained_model_file_path='Artifacts/02_07_2026_21_31_59/model_trainer/trained_model/model.pkl', train_metric_artifact=ClassificationMetricArtifact(f1_score=0.9918140474987367, precision_score=0.9909127625201939, recall_score=0.9927169734978758), test_metric_artifact=ClassificationMetricArtifact(f1_score=0.9748038000826105, precision_score=0.9776304888152444, recall_score=0.9719934102141681))
[2026-02-07 21:35:10,575: INFO: main]: Model Training artifact created
