[2026-02-07 20:39:20,982: INFO: _client]: HTTP Request: GET https://dagshub.com/api/v1/user "HTTP/1.1 200 OK"
[2026-02-07 20:39:20,986: INFO: helpers]: Accessing as Oday-Najad
[2026-02-07 20:39:21,905: INFO: _client]: HTTP Request: GET https://dagshub.com/api/v1/repos/Oday-Najad/network-security "HTTP/1.1 200 OK"
[2026-02-07 20:39:22,928: INFO: _client]: HTTP Request: GET https://dagshub.com/api/v1/user "HTTP/1.1 200 OK"
[2026-02-07 20:39:22,929: INFO: helpers]: Initialized MLflow to track repo "Oday-Najad/network-security"
[2026-02-07 20:39:22,930: INFO: helpers]: Repository Oday-Najad/network-security initialized!
[2026-02-07 20:39:22,930: INFO: data_ingestion]: >>>>>>>>>>>>>>>>>>>>>>>>>>>>>>>>>>>>>>>> Data Ingestion <<<<<<<<<<<<<<<<<<<<<<<<<<<<<<<<<<<<<<<<
[2026-02-07 20:39:22,930: INFO: main]: Initializing data ingestion
[2026-02-07 20:39:22,930: INFO: data_ingestion]: Initiating data ingestion
[2026-02-07 20:39:22,930: INFO: data_ingestion]: Exporting collection data as dataframe
[2026-02-07 20:39:23,161: INFO: data_ingestion]: Connected to Mongodb successfully to export data
[2026-02-07 20:39:26,312: INFO: data_ingestion]: Dataframe shape: (11055, 32)
[2026-02-07 20:39:26,312: INFO: data_ingestion]: Dropping column: _id
[2026-02-07 20:39:26,316: INFO: data_ingestion]: Creating feature store folder if not available: Artifacts/02_07_2026_20_39_18/data_ingestion/feature_store
[2026-02-07 20:39:26,317: INFO: data_ingestion]: Saving data to feature store folder: Artifacts/02_07_2026_20_39_18/data_ingestion/feature_store/phishingData.csv
[2026-02-07 20:39:26,354: INFO: data_ingestion]: Splitting data into train and test set with test size: 0.2
[2026-02-07 20:39:26,356: INFO: data_ingestion]: Creating ingested folder if not available: Artifacts/02_07_2026_20_39_18/data_ingestion/ingested_data
[2026-02-07 20:39:26,356: INFO: data_ingestion]: Saving training data to file: Artifacts/02_07_2026_20_39_18/data_ingestion/ingested_data/train.csv
[2026-02-07 20:39:26,384: INFO: data_ingestion]: Saving testing data to file: Artifacts/02_07_2026_20_39_18/data_ingestion/ingested_data/test.csv
[2026-02-07 20:39:26,392: INFO: data_ingestion]: Data ingestion completed successfully
[2026-02-07 20:39:26,392: INFO: data_ingestion]: Data Ingestion Artifact: DataIngestionArtifact(train_file_path='Artifacts/02_07_2026_20_39_18/data_ingestion/ingested_data/train.csv', test_file_path='Artifacts/02_07_2026_20_39_18/data_ingestion/ingested_data/test.csv')
[2026-02-07 20:39:26,392: INFO: main]: Completed data ingestion
[2026-02-07 20:39:26,398: INFO: main]: Initializing data validation
[2026-02-07 20:39:26,409: INFO: data_validation]: Required number of columns:2
[2026-02-07 20:39:26,409: INFO: data_validation]: Data frame has columns:31
[2026-02-07 20:39:26,410: INFO: data_validation]: Required number of columns:2
[2026-02-07 20:39:26,410: INFO: data_validation]: Data frame has columns:31
[2026-02-07 20:39:26,519: INFO: main]: Completed data validation
[2026-02-07 20:39:26,519: INFO: main]: data Transformation started
[2026-02-07 20:39:26,519: INFO: data_transformation]: Entered initiate_data_transformation method of DataTransformation class
[2026-02-07 20:39:26,519: INFO: data_transformation]: Starting data transformation
[2026-02-07 20:39:26,531: INFO: data_transformation]: Entered get_data_trnasformer_object method of Trnasformation class
[2026-02-07 20:39:26,531: INFO: data_transformation]: Initialise KNNImputer with {'missing_values': nan, 'n_neighbors': 3, 'weights': 'uniform'}
[2026-02-07 20:39:26,539: INFO: utils]: Entered the save_object method of MainUtils class
[2026-02-07 20:39:26,542: INFO: utils]: Exited the save_object method of MainUtils class
[2026-02-07 20:39:26,542: INFO: utils]: Entered the save_object method of MainUtils class
[2026-02-07 20:39:26,546: INFO: utils]: Exited the save_object method of MainUtils class
[2026-02-07 20:39:26,546: INFO: main]: data Transformation completed
[2026-02-07 20:39:26,546: INFO: main]: Model Training stared
[2026-02-07 20:41:28,686: INFO: _client]: HTTP Request: GET https://dagshub.com/api/v1/repos/Oday-Najad/network-security "HTTP/1.1 200 OK"
[2026-02-07 20:41:28,688: INFO: helpers]: Initialized MLflow to track repo "Oday-Najad/network-security"
[2026-02-07 20:41:28,688: INFO: helpers]: Repository Oday-Najad/network-security initialized!
[2026-02-07 20:41:48,036: INFO: _client]: HTTP Request: GET https://dagshub.com/api/v1/repos/Oday-Najad/network-security "HTTP/1.1 200 OK"
[2026-02-07 20:41:48,038: INFO: helpers]: Initialized MLflow to track repo "Oday-Najad/network-security"
[2026-02-07 20:41:48,038: INFO: helpers]: Repository Oday-Najad/network-security initialized!
[2026-02-07 20:42:10,785: INFO: utils]: Entered the save_object method of MainUtils class
[2026-02-07 20:42:10,786: INFO: utils]: Exited the save_object method of MainUtils class
[2026-02-07 20:42:10,786: INFO: utils]: Entered the save_object method of MainUtils class
[2026-02-07 20:42:10,790: INFO: utils]: Exited the save_object method of MainUtils class
[2026-02-07 20:42:10,790: INFO: model_trainer]: Model trainer artifact: ModelTrainerArtifact(trained_model_file_path='Artifacts/02_07_2026_20_39_18/model_trainer/trained_model/model.pkl', train_metric_artifact=ClassificationMetricArtifact(f1_score=0.9914150085849914, precision_score=0.9899152884227511, recall_score=0.9929192797896015), test_metric_artifact=ClassificationMetricArtifact(f1_score=0.9740847387906212, precision_score=0.9728841413311422, recall_score=0.9752883031301482))
[2026-02-07 20:42:10,791: INFO: main]: Model Training artifact created
