[2026-02-07 21:46:15,371: INFO: _client]: HTTP Request: GET https://dagshub.com/api/v1/user "HTTP/1.1 200 OK"
[2026-02-07 21:46:15,374: INFO: helpers]: Accessing as Oday-Najad
[2026-02-07 21:46:15,971: INFO: _client]: HTTP Request: GET https://dagshub.com/api/v1/repos/Oday-Najad/MLOps-Data-Science-Network-Security-with-AWS "HTTP/1.1 200 OK"
[2026-02-07 21:46:16,551: INFO: _client]: HTTP Request: GET https://dagshub.com/api/v1/user "HTTP/1.1 200 OK"
[2026-02-07 21:46:16,552: INFO: helpers]: Initialized MLflow to track repo "Oday-Najad/MLOps-Data-Science-Network-Security-with-AWS"
[2026-02-07 21:46:16,552: INFO: helpers]: Repository Oday-Najad/MLOps-Data-Science-Network-Security-with-AWS initialized!
[2026-02-07 21:46:16,552: INFO: data_ingestion]: >>>>>>>>>>>>>>>>>>>>>>>>>>>>>>>>>>>>>>>> Data Ingestion <<<<<<<<<<<<<<<<<<<<<<<<<<<<<<<<<<<<<<<<
[2026-02-07 21:46:16,552: INFO: main]: Initializing data ingestion
[2026-02-07 21:46:16,552: INFO: data_ingestion]: Initiating data ingestion
[2026-02-07 21:46:16,552: INFO: data_ingestion]: Exporting collection data as dataframe
[2026-02-07 21:46:16,776: INFO: data_ingestion]: Connected to Mongodb successfully to export data
[2026-02-07 21:46:19,431: INFO: data_ingestion]: Dataframe shape: (11055, 32)
[2026-02-07 21:46:19,432: INFO: data_ingestion]: Dropping column: _id
[2026-02-07 21:46:19,435: INFO: data_ingestion]: Creating feature store folder if not available: Artifacts/02_07_2026_21_46_13/data_ingestion/feature_store
[2026-02-07 21:46:19,435: INFO: data_ingestion]: Saving data to feature store folder: Artifacts/02_07_2026_21_46_13/data_ingestion/feature_store/phishingData.csv
[2026-02-07 21:46:19,472: INFO: data_ingestion]: Splitting data into train and test set with test size: 0.2
[2026-02-07 21:46:19,475: INFO: data_ingestion]: Creating ingested folder if not available: Artifacts/02_07_2026_21_46_13/data_ingestion/ingested_data
[2026-02-07 21:46:19,476: INFO: data_ingestion]: Saving training data to file: Artifacts/02_07_2026_21_46_13/data_ingestion/ingested_data/train.csv
[2026-02-07 21:46:19,504: INFO: data_ingestion]: Saving testing data to file: Artifacts/02_07_2026_21_46_13/data_ingestion/ingested_data/test.csv
[2026-02-07 21:46:19,512: INFO: data_ingestion]: Data ingestion completed successfully
[2026-02-07 21:46:19,512: INFO: data_ingestion]: Data Ingestion Artifact: DataIngestionArtifact(train_file_path='Artifacts/02_07_2026_21_46_13/data_ingestion/ingested_data/train.csv', test_file_path='Artifacts/02_07_2026_21_46_13/data_ingestion/ingested_data/test.csv')
[2026-02-07 21:46:19,512: INFO: main]: Completed data ingestion
[2026-02-07 21:46:19,517: INFO: main]: Initializing data validation
[2026-02-07 21:46:19,527: INFO: data_validation]: Required number of columns:2
[2026-02-07 21:46:19,527: INFO: data_validation]: Data frame has columns:31
[2026-02-07 21:46:19,527: INFO: data_validation]: Required number of columns:2
[2026-02-07 21:46:19,527: INFO: data_validation]: Data frame has columns:31
[2026-02-07 21:46:19,628: INFO: main]: Completed data validation
[2026-02-07 21:46:19,628: INFO: main]: data Transformation started
[2026-02-07 21:46:19,628: INFO: data_transformation]: Entered initiate_data_transformation method of DataTransformation class
[2026-02-07 21:46:19,628: INFO: data_transformation]: Starting data transformation
[2026-02-07 21:46:19,639: INFO: data_transformation]: Entered get_data_trnasformer_object method of Trnasformation class
[2026-02-07 21:46:19,639: INFO: data_transformation]: Initialise KNNImputer with {'missing_values': nan, 'n_neighbors': 3, 'weights': 'uniform'}
[2026-02-07 21:46:19,646: INFO: utils]: Entered the save_object method of MainUtils class
[2026-02-07 21:46:19,649: INFO: utils]: Exited the save_object method of MainUtils class
[2026-02-07 21:46:19,649: INFO: utils]: Entered the save_object method of MainUtils class
[2026-02-07 21:46:19,651: INFO: utils]: Exited the save_object method of MainUtils class
[2026-02-07 21:46:19,651: INFO: main]: data Transformation completed
[2026-02-07 21:46:19,651: INFO: main]: Model Training stared
[2026-02-07 21:49:11,754: INFO: utils]: Entered the save_object method of MainUtils class
[2026-02-07 21:49:11,754: INFO: utils]: Exited the save_object method of MainUtils class
[2026-02-07 21:49:11,754: INFO: utils]: Entered the save_object method of MainUtils class
[2026-02-07 21:49:11,770: INFO: utils]: Exited the save_object method of MainUtils class
[2026-02-07 21:49:11,770: INFO: model_trainer]: Model trainer artifact: ModelTrainerArtifact(trained_model_file_path='Artifacts/02_07_2026_21_46_13/model_trainer/trained_model/model.pkl', train_metric_artifact=ClassificationMetricArtifact(f1_score=0.9918206604059376, precision_score=0.9901209677419355, recall_score=0.9935261986647784), test_metric_artifact=ClassificationMetricArtifact(f1_score=0.9740420271940667, precision_score=0.9744435284418796, recall_score=0.9736408566721582))
[2026-02-07 21:49:11,770: INFO: main]: Model Training artifact created
